2021-06-09T22:29:40.377Z debug: [APP] App listening at http://localhost:3000
2021-06-09T22:30:22.667Z debug: [APP] /users POST params {} query {}
2021-06-09T22:30:48.687Z debug: [APP] /login POST params {} query {}
2021-06-09T22:31:12.833Z debug: [APP] App listening at http://localhost:3000
2021-06-09T22:31:16.707Z debug: [APP] /login POST params {} query {}
2021-06-09T22:31:45.845Z debug: [APP] App listening at http://localhost:3000
2021-06-09T22:31:50.082Z debug: [APP] /login POST params {} query {}
2021-06-09T22:31:57.163Z debug: [APP] /login POST params {} query {}
2021-06-09T22:32:01.449Z debug: [APP] /login POST params {} query {}
2021-06-09T22:32:16.346Z debug: [APP] App listening at http://localhost:3000
2021-06-09T22:32:33.486Z debug: [APP] /login POST params {} query {}
2021-06-09T22:33:57.540Z debug: [APP] /users GET params {} query {}
2021-06-09T23:17:08.451Z debug: [APP] App listening at http://localhost:3000
2021-06-09T23:17:39.686Z debug: [APP] App listening at http://localhost:3000
2021-06-09T23:18:19.958Z debug: [APP] App listening at http://localhost:3000
2021-06-09T23:18:31.188Z debug: [APP] App listening at http://localhost:3000
2021-06-09T23:18:55.314Z debug: [APP] App listening at http://localhost:3000
2021-06-09T23:27:59.076Z debug: [APP] App listening at http://localhost:3000
2021-06-09T23:29:14.281Z error: [APP] app.use() requires a middleware function
2021-06-09T23:30:45.468Z error: [APP] app.use() requires a middleware function
2021-06-09T23:34:22.045Z error: [APP] app.use() requires a middleware function
2021-06-09T23:36:59.762Z error: [APP] app.use() requires a middleware function
2021-06-09T23:42:49.691Z debug: [APP] App listening at http://localhost:3000
2021-06-09T23:43:03.927Z debug: [APP] App listening at http://localhost:3000
2021-06-09T23:43:12.685Z debug: [APP] App listening at http://localhost:3000
2021-06-09T23:43:26.137Z debug: [APP] App listening at http://localhost:3000
2021-06-09T23:43:36.073Z debug: [APP] App listening at http://localhost:3000
2021-06-09T23:44:41.476Z debug: [APP] /users/2b8c1a16-a641-4abf-a198-4bd22f5459c2 GET params {} query {}
2021-06-09T23:45:30.671Z debug: [APP] App listening at http://localhost:3000
2021-06-09T23:45:32.786Z debug: [APP] /users/2b8c1a16-a641-4abf-a198-4bd22f5459c2 GET params {} query {}
2021-06-09T23:45:45.347Z debug: [APP] /users/2b8c1a16-a641-4abf-a198-4bd22f5459c2 GET params {} query {}
2021-06-09T23:46:08.076Z error: [APP] invalid token
2021-06-09T23:46:25.540Z debug: [APP] App listening at http://localhost:3000
